<?xml version="1.0" encoding="UTF-8"?>
<!-- Generated by org.testng.reporters.JUnitReportReporter -->
<testsuite skipped="0" hostname="Viktoriyas-MacBook-Pro-2.local" name="scripts.LoginFormTest" tests="8" failures="0" timestamp="2023-01-24T14:21:45 CST" time="110.547" errors="0">
  <testcase name="validateLoginFormCard" time="11.125" classname="scripts.LoginFormTest"/>
  <system-out/>
  <testcase name="validateLoginFormCardValidLogin" time="21.003" classname="scripts.LoginFormTest"/>
  <system-out/>
  <testcase name="validateLoginFormCardValidLoginAnaLogout" time="13.881" classname="scripts.LoginFormTest"/>
  <system-out/>
  <testcase name="validateForgotPasswordLink" time="12.613" classname="scripts.LoginFormTest"/>
  <system-out/>
  <testcase name="validateResetLinkIsDisplayed" time="13.279" classname="scripts.LoginFormTest"/>
  <system-out/>
  <testcase name="validateLoginFormWithWrongUsername" time="13.704" classname="scripts.LoginFormTest"/>
  <system-out/>
  <testcase name="validateLoginFormWithWrongPassword" time="12.921" classname="scripts.LoginFormTest"/>
  <system-out/>
  <testcase name="validateLoginFormWithWrongUsernameAndPassword" time="12.021" classname="scripts.LoginFormTest"/>
  <system-out/>
</testsuite> <!-- scripts.LoginFormTest -->
